{"level":"info","message":"connection succeed!"}
{"level":"info","message":"connection succeed!"}
{"level":"info","message":"connection succeed!"}
{"level":"info","message":"connection succeed!","timestamp":"2022-11-16T01:05:53.645Z"}
{"level":"info","message":"connection succeed!","timestamp":"2022. 11. 16. 오전 10:11:05"}
{"level":"info","message":"connection succeed!","timestamp":"2022. 11. 16. 오전 10:11:13"}
{"level":"info","message":"connection succeed!","timestamp":"2022. 11. 16. 오전 10:11:15"}
{"level":"info","message":"connection succeed!","timestamp":"11/16/2022, 10:30:19 AM"}
{"level":"info","message":"connection succeed!","timestamp":"2022. 11. 16. 오전 10:32:17"}
{"level":"info","message":"connection succeed!","timestamp":"11/16/2022, 10:32:31 AM"}
{"level":"info","message":"connection succeed!","timestamp":"11/16/2022, 11:22:06 AM"}
{"level":"info","message":"connection succeed!","timestamp":"11/16/2022, 11:22:20 AM"}
{"level":"info","message":"connection succeed!","timestamp":"11/16/2022, 11:23:09 AM"}
{"level":"info","message":"connection succeed!","timestamp":"11/16/2022, 11:24:11 AM"}
{"level":"info","message":"connection succeed!","timestamp":"11/16/2022, 11:24:27 AM"}
{"level":"info","message":"connection succeed!","timestamp":"11/16/2022, 2:02:13 PM"}
{"level":"info","message":"connection succeed!","timestamp":"11/16/2022, 2:02:13 PM"}
{"level":"info","message":"connection succeed!","timestamp":"11/16/2022, 2:02:13 PM"}
{"level":"info","message":"connection succeed!","timestamp":"11/16/2022, 2:02:13 PM"}
{"level":"info","message":"connection succeed!","timestamp":"11/16/2022, 2:02:13 PM"}
{"level":"info","message":"connection succeed!","timestamp":"11/16/2022, 2:02:13 PM"}
{"level":"info","message":"connection succeed!","timestamp":"11/16/2022, 2:02:13 PM"}
{"level":"info","message":"connection succeed!","timestamp":"11/16/2022, 2:02:28 PM"}
{"level":"info","message":"connection succeed!","timestamp":"11/16/2022, 2:02:28 PM"}
{"level":"info","message":"connection succeed!","timestamp":"11/16/2022, 2:02:28 PM"}
{"level":"info","message":"connection succeed!","timestamp":"11/16/2022, 2:02:28 PM"}
{"level":"info","message":"connection succeed!","timestamp":"11/16/2022, 2:02:28 PM"}
{"level":"info","message":"connection succeed!","timestamp":"11/16/2022, 2:02:28 PM"}
{"level":"info","message":"connection succeed!","timestamp":"11/16/2022, 2:02:28 PM"}
{"level":"info","message":"connection succeed!","timestamp":"11/16/2022, 2:03:07 PM"}
{"level":"info","message":"connection succeed!","timestamp":"11/16/2022, 2:04:08 PM"}
{"level":"info","message":"connection succeed!","timestamp":"11/16/2022, 2:04:52 PM"}
{"level":"info","message":"connection succeed!","timestamp":"11/16/2022, 2:08:18 PM"}
{"level":"info","message":"connection succeed!","timestamp":"11/16/2022, 2:09:00 PM"}
{"level":"info","message":"connection succeed!","timestamp":"11/16/2022, 2:09:41 PM"}
{"level":"info","message":"connection succeed!","timestamp":"11/16/2022, 2:09:58 PM"}
{"level":"info","message":"connection succeed!","timestamp":"11/16/2022, 2:10:09 PM"}
{"level":"info","message":"connection succeed!","timestamp":"11/16/2022, 2:10:18 PM"}
{"level":"info","message":"connection succeed!","timestamp":"11/16/2022, 2:11:35 PM"}
{"level":"info","message":"connection succeed!","timestamp":"11/16/2022, 2:12:09 PM"}
{"level":"info","message":"connection succeed!","timestamp":"11/16/2022, 2:12:09 PM"}
{"level":"info","message":"connection succeed!","timestamp":"11/16/2022, 2:12:09 PM"}
{"level":"info","message":"connection succeed!","timestamp":"11/16/2022, 2:12:09 PM"}
{"level":"info","message":"connection succeed!","timestamp":"11/16/2022, 2:12:09 PM"}
{"level":"info","message":"connection succeed!","timestamp":"11/16/2022, 2:12:10 PM"}
{"level":"info","message":"connection succeed!","timestamp":"11/16/2022, 2:12:10 PM"}
{"level":"info","message":"connection succeed!","timestamp":"11/16/2022, 2:33:44 PM"}
{"level":"info","message":"connection succeed!","timestamp":"11/16/2022, 2:36:00 PM"}
{"level":"info","message":"connection succeed!","timestamp":"11/16/2022, 2:47:23 PM"}
